[19:29:15] [ServerMain/INFO]: [bootstrap] Running Java 25 (Java HotSpot(TM) 64-Bit Server VM 25+37-LTS-3491; Oracle Corporation null) on Windows 10 10.0 (amd64)
[19:29:15] [ServerMain/INFO]: [bootstrap] Loading Paper 1.21.8-60-main@29c8822 (2025-09-06T21:49:13Z) for Minecraft 1.21.8
[19:29:15] [ServerMain/INFO]: [PluginInitializerManager] Initializing plugins...
[19:29:15] [ServerMain/INFO]: [PluginInitializerManager] Initialized 0 plugins
[19:29:19] [ServerMain/INFO]: Environment: Environment[sessionHost=https://sessionserver.mojang.com, servicesHost=https://api.minecraftservices.com, name=PROD]
[19:29:19] [ServerMain/INFO]: Found new data pack file/bukkit, loading it automatically
[19:29:19] [ServerMain/INFO]: Found new data pack paper, loading it automatically
[19:29:19] [ServerMain/INFO]: No existing world data, creating new world
[19:29:20] [ServerMain/INFO]: Loaded 1407 recipes
[19:29:20] [ServerMain/INFO]: Loaded 1520 advancements
[19:29:20] [ServerMain/INFO]: [ca.spottedleaf.dataconverter.minecraft.datatypes.MCTypeRegistry] Initialising converters for DataConverter...
[19:29:20] [ServerMain/INFO]: [ca.spottedleaf.dataconverter.minecraft.datatypes.MCTypeRegistry] Finished initialising converters for DataConverter in 221.6ms
[19:29:20] [Server thread/INFO]: Starting minecraft server version 1.21.8
[19:29:20] [Server thread/WARN]: ****************************
[19:29:20] [Server thread/WARN]: YOU ARE RUNNING THIS SERVER AS AN ADMINISTRATIVE OR ROOT USER. THIS IS NOT ADVISED.
[19:29:20] [Server thread/WARN]: YOU ARE OPENING YOURSELF UP TO POTENTIAL RISKS WHEN DOING THIS.
[19:29:20] [Server thread/WARN]: FOR MORE INFORMATION, SEE https://madelinemiller.dev/blog/root-minecraft-server/
[19:29:20] [Server thread/WARN]: ****************************
[19:29:20] [Server thread/INFO]: Loading properties
[19:29:20] [Server thread/INFO]: This server is running Paper version 1.21.8-60-main@29c8822 (2025-09-06T21:49:13Z) (Implementing API version 1.21.8-R0.1-SNAPSHOT)
[19:29:20] [Server thread/INFO]: [spark] This server bundles the spark profiler. For more information please visit https://docs.papermc.io/paper/profiling
[19:29:20] [Server thread/INFO]: Server Ping Player Sample Count: 12
[19:29:20] [Server thread/INFO]: Using 4 threads for Netty based IO
[19:29:21] [Server thread/INFO]: [MoonriseCommon] Paper is using 3 worker threads, 1 I/O threads
[19:29:21] [Server thread/INFO]: [ChunkTaskScheduler] Chunk system is using population gen parallelism: true
[19:29:21] [Server thread/INFO]: Default game type: SURVIVAL
[19:29:21] [Server thread/INFO]: Generating keypair
[19:29:21] [Server thread/INFO]: Starting Minecraft server on 26.97.108.203:25565
[19:29:21] [Server thread/INFO]: Using default channel type
[19:29:21] [Server thread/INFO]: Paper: Using Java compression from Velocity.
[19:29:21] [Server thread/INFO]: Paper: Using Java cipher from Velocity.
[19:29:21] [Server thread/INFO]: Server permissions file permissions.yml is empty, ignoring it
[19:29:21] [Server thread/WARN]: **** SERVER IS RUNNING IN OFFLINE/INSECURE MODE!
[19:29:21] [Server thread/WARN]: The server will make no attempt to authenticate usernames. Beware.
[19:29:21] [Server thread/WARN]: While this makes the game possible to play without internet access, it also opens up the ability for hackers to connect with any username they choose.
[19:29:21] [Server thread/WARN]: To change this, set "online-mode" to "true" in the server.properties file.
[19:29:21] [Server thread/INFO]: Preparing level "world"
[19:29:24] [Server thread/INFO]: Preparing start region for dimension minecraft:overworld
[19:29:24] [Server thread/INFO]: Preparing spawn area: 0%
[19:29:25] [Server thread/INFO]: Preparing spawn area: 2%
[19:29:25] [Server thread/INFO]: Preparing spawn area: 16%
[19:29:26] [Server thread/INFO]: Preparing spawn area: 36%
[19:29:26] [Server thread/INFO]: Preparing spawn area: 75%
[19:29:26] [Server thread/INFO]: Time elapsed: 2112 ms
[19:29:26] [Server thread/INFO]: Preparing start region for dimension minecraft:the_end
[19:29:26] [Server thread/INFO]: Preparing spawn area: 2%
[19:29:26] [Server thread/INFO]: Time elapsed: 237 ms
[19:29:27] [Server thread/INFO]: [spark] Starting background profiler...
[19:29:27] [Server thread/INFO]: [spark] The async-profiler engine is not supported for your os/arch (windows10/amd64), so the built-in Java engine will be used instead.
[19:29:27] [Server thread/INFO]: Done preparing level "world" (5.640s)
[19:29:27] [Server thread/INFO]: Running delayed init tasks
[19:29:27] [Server thread/INFO]: Done (12.267s)! For help, type "help"
[19:31:37] [User Authenticator #0/INFO]: UUID of player printXXX is cabc2819-85ec-3a33-accb-6a00c6f4ff84
[19:31:37] [Server thread/INFO]: printXXX joined the game
[19:31:37] [Server thread/INFO]: printXXX[/26.97.108.203:59619] logged in with entity id 65 at ([world]26.5, 69.0, 1.5)
[19:32:38] [Server thread/INFO]: A player is required to run this command here
[19:38:21] [Server thread/INFO]: printXXX lost connection: Disconnected
[19:38:21] [Server thread/INFO]: printXXX left the game
